{"/Users/andres/Development/drupalcamp2020/themes/custom/drupalcamp2020/.storybook/setupTwig.js": {"path":"/Users/andres/Development/drupalcamp2020/themes/custom/drupalcamp2020/.storybook/setupTwig.js","statementMap":{"0":{"start":{"line":1,"column":20},"end":{"line":1,"column":35}},"1":{"start":{"line":2,"column":19},"end":{"line":2,"column":49}},"2":{"start":{"line":3,"column":16},"end":{"line":3,"column":45}},"3":{"start":{"line":4,"column":26},"end":{"line":4,"column":66}},"4":{"start":{"line":6,"column":0},"end":{"line":11,"column":2}},"5":{"start":{"line":20,"column":0},"end":{"line":26,"column":2}},"6":{"start":{"line":21,"column":2},"end":{"line":21,"column":15}},"7":{"start":{"line":22,"column":2},"end":{"line":22,"column":19}},"8":{"start":{"line":23,"column":2},"end":{"line":23,"column":16}},"9":{"start":{"line":24,"column":2},"end":{"line":24,"column":26}},"10":{"start":{"line":25,"column":2},"end":{"line":25,"column":14}}},"fnMap":{"0":{"name":"setupTwig","decl":{"start":{"line":20,"column":36},"end":{"line":20,"column":45}},"loc":{"start":{"line":20,"column":52},"end":{"line":26,"column":1}},"line":20}},"branchMap":{},"s":{"0":10,"1":10,"2":10,"3":10,"4":10,"5":10,"6":10,"7":10,"8":10,"9":10,"10":10},"f":{"0":10},"b":{},"_coverageSchema":"1a1c01bbd47fc00a2c39e90264f33305004495a9","hash":"51c7a733e715fa5c850a04b61307fea448ed55b8"}
,"/Users/andres/Development/drupalcamp2020/themes/custom/drupalcamp2020/components/01-atoms/buttons/react/Button.component.js": {"path":"/Users/andres/Development/drupalcamp2020/themes/custom/drupalcamp2020/components/01-atoms/buttons/react/Button.component.js","statementMap":{"0":{"start":{"line":12,"column":15},"end":{"line":20,"column":1}},"1":{"start":{"line":13,"column":32},"end":{"line":13,"column":37}},"2":{"start":{"line":15,"column":2},"end":{"line":19,"column":4}},"3":{"start":{"line":22,"column":0},"end":{"line":25,"column":2}},"4":{"start":{"line":27,"column":0},"end":{"line":30,"column":2}}},"fnMap":{"0":{"name":"(anonymous_0)","decl":{"start":{"line":12,"column":15},"end":{"line":12,"column":16}},"loc":{"start":{"line":12,"column":26},"end":{"line":20,"column":1}},"line":12},"1":{"name":"(anonymous_1)","decl":{"start":{"line":29,"column":11},"end":{"line":29,"column":12}},"loc":{"start":{"line":29,"column":17},"end":{"line":29,"column":19}},"line":29}},"branchMap":{},"s":{"0":1,"1":2,"2":2,"3":1,"4":1},"f":{"0":2,"1":1},"b":{},"_coverageSchema":"1a1c01bbd47fc00a2c39e90264f33305004495a9","hash":"fea70e71cdc65922907e0d65d457857679dd634f"}
}
